<?xml version="1.0" encoding="UTF-8"?>
<!-- Generated by org.testng.reporters.JUnitReportReporter -->
<testsuite skipped="0" hostname="srirams-MBP" name="AppiumJava2022.AppiumJava2022.TheAppTests" tests="3" failures="0" timestamp="2022-09-03T10:31:16 IST" time="24.002" errors="0">
  <testcase name="login" time="6.086" classname="AppiumJava2022.AppiumJava2022.TheAppTests"/>
  <system-out/>
  <testcase name="picker" time="10.188" classname="AppiumJava2022.AppiumJava2022.TheAppTests"/>
  <system-out/>
  <testcase name="clipBoard" time="7.728" classname="AppiumJava2022.AppiumJava2022.TheAppTests"/>
  <system-out/>
</testsuite> <!-- AppiumJava2022.AppiumJava2022.TheAppTests -->
