<?xml version="1.0" encoding="UTF-8"?>
<!-- Generated by org.testng.reporters.JUnitReportReporter -->
<testsuite skipped="0" hostname="srirams-MBP" name="AppiumJava2022.AppiumJava2022.StartAppiumFrmCode" tests="4" failures="0" timestamp="2022-09-03T10:47:17 IST" time="18.438" errors="1">
  <testcase name="clipBoard" time="4.676" classname="AppiumJava2022.AppiumJava2022.StartAppiumFrmCode"/>
  <system-out/>
  <testcase name="picker" time="8.229" classname="AppiumJava2022.AppiumJava2022.StartAppiumFrmCode"/>
  <system-out/>
  <testcase name="afterTest" time="0.334" classname="AppiumJava2022.AppiumJava2022.StartAppiumFrmCode">
    <error type="org.openqa.selenium.WebDriverException" message="Connection refused
Build info: version: &#039;4.4.0&#039;, revision: &#039;e5c75ed026a&#039;
System info: host: &#039;srirams-MBP&#039;, ip: &#039;fe80:0:0:0:1059:2ab0:3879:4182%en0&#039;, os.name: &#039;Mac OS X&#039;, os.arch: &#039;x86_64&#039;, os.version: &#039;10.16&#039;, java.version: &#039;1.8.0_171&#039;
Driver info: io.appium.java_client.android.AndroidDriver
Command: [5f5537df-96c5-4d85-8e23-0f74d82bcb06, quit {}]
Capabilities {appium:adbExecTimeout: 20000, appium:app: /Users/sriramku/eclipse-wor..., appium:appPackage: com.vodqareactnative, appium:autoGrantPermissions: true, appium:automationName: UIAutomator2, appium:databaseEnabled: false, appium:desired: {adbExecTimeout: 20000, app: /Users/sriramku/eclipse-wor..., autoGrantPermissions: true, automationName: UIAutomator2, deviceName: Nexus 6 API 29, newCommandTimeout: 20, platformName: android}, appium:deviceApiLevel: 29, appium:deviceManufacturer: Google, appium:deviceModel: Android SDK built for x86, appium:deviceName: emulator-5554, appium:deviceScreenDensity: 560, appium:deviceScreenSize: 1440x2560, appium:deviceUDID: emulator-5554, appium:javascriptEnabled: true, appium:locationContextEnabled: false, appium:networkConnectionEnabled: true, appium:newCommandTimeout: 20, appium:pixelRatio: 3.5, appium:platformVersion: 10, appium:statBarHeight: 84, appium:takesScreenshot: true, appium:viewportRect: {height: 2308, left: 0, top: 84, width: 1440}, appium:warnings: {}, appium:webStorageEnabled: false, platformName: ANDROID}
Session ID: 5f5537df-96c5-4d85-8e23-0f74d82bcb06">
      <![CDATA[org.openqa.selenium.WebDriverException: Connection refused
Build info: version: '4.4.0', revision: 'e5c75ed026a'
System info: host: 'srirams-MBP', ip: 'fe80:0:0:0:1059:2ab0:3879:4182%en0', os.name: 'Mac OS X', os.arch: 'x86_64', os.version: '10.16', java.version: '1.8.0_171'
Driver info: io.appium.java_client.android.AndroidDriver
Command: [5f5537df-96c5-4d85-8e23-0f74d82bcb06, quit {}]
Capabilities {appium:adbExecTimeout: 20000, appium:app: /Users/sriramku/eclipse-wor..., appium:appPackage: com.vodqareactnative, appium:autoGrantPermissions: true, appium:automationName: UIAutomator2, appium:databaseEnabled: false, appium:desired: {adbExecTimeout: 20000, app: /Users/sriramku/eclipse-wor..., autoGrantPermissions: true, automationName: UIAutomator2, deviceName: Nexus 6 API 29, newCommandTimeout: 20, platformName: android}, appium:deviceApiLevel: 29, appium:deviceManufacturer: Google, appium:deviceModel: Android SDK built for x86, appium:deviceName: emulator-5554, appium:deviceScreenDensity: 560, appium:deviceScreenSize: 1440x2560, appium:deviceUDID: emulator-5554, appium:javascriptEnabled: true, appium:locationContextEnabled: false, appium:networkConnectionEnabled: true, appium:newCommandTimeout: 20, appium:pixelRatio: 3.5, appium:platformVersion: 10, appium:statBarHeight: 84, appium:takesScreenshot: true, appium:viewportRect: {height: 2308, left: 0, top: 84, width: 1440}, appium:warnings: {}, appium:webStorageEnabled: false, platformName: ANDROID}
Session ID: 5f5537df-96c5-4d85-8e23-0f74d82bcb06
at io.appium.java_client.remote.AppiumCommandExecutor.lambda$execute$4(AppiumCommandExecutor.java:192)
at java.util.Optional.orElseGet(Optional.java:267)
at io.appium.java_client.remote.AppiumCommandExecutor.execute(AppiumCommandExecutor.java:191)
at org.openqa.selenium.remote.RemoteWebDriver.execute(RemoteWebDriver.java:547)
at org.openqa.selenium.remote.RemoteWebDriver.execute(RemoteWebDriver.java:602)
at io.appium.java_client.AppiumDriver.execute(AppiumDriver.java:267)
at org.openqa.selenium.remote.RemoteWebDriver.quit(RemoteWebDriver.java:443)
at AppiumJava2022.AppiumJava2022.StartAppiumFrmCode.afterTest(StartAppiumFrmCode.java:154)
at sun.reflect.NativeMethodAccessorImpl.invoke0(Native Method)
at sun.reflect.NativeMethodAccessorImpl.invoke(NativeMethodAccessorImpl.java:62)
at sun.reflect.DelegatingMethodAccessorImpl.invoke(DelegatingMethodAccessorImpl.java:43)
at java.lang.reflect.Method.invoke(Method.java:498)
at org.testng.internal.MethodInvocationHelper.invokeMethod(MethodInvocationHelper.java:133)
at org.testng.internal.MethodInvocationHelper.invokeMethodConsideringTimeout(MethodInvocationHelper.java:62)
at org.testng.internal.ConfigInvoker.invokeConfigurationMethod(ConfigInvoker.java:385)
at org.testng.internal.ConfigInvoker.invokeConfigurations(ConfigInvoker.java:321)
at org.testng.SuiteRunner.privateRun(SuiteRunner.java:344)
at org.testng.SuiteRunner.run(SuiteRunner.java:276)
at org.testng.SuiteRunnerWorker.runSuite(SuiteRunnerWorker.java:53)
at org.testng.SuiteRunnerWorker.run(SuiteRunnerWorker.java:96)
at org.testng.TestNG.runSuitesSequentially(TestNG.java:1212)
at org.testng.TestNG.runSuitesLocally(TestNG.java:1134)
at org.testng.TestNG.runSuites(TestNG.java:1063)
at org.testng.TestNG.run(TestNG.java:1031)
at org.testng.remote.AbstractRemoteTestNG.run(AbstractRemoteTestNG.java:115)
at org.testng.remote.RemoteTestNG.initAndRun(RemoteTestNG.java:251)
at org.testng.remote.RemoteTestNG.main(RemoteTestNG.java:77)
Caused by: java.net.ConnectException: Connection refused
at sun.nio.ch.SocketChannelImpl.checkConnect(Native Method)
at sun.nio.ch.SocketChannelImpl.finishConnect(SocketChannelImpl.java:717)
at io.netty.channel.socket.nio.NioSocketChannel.doFinishConnect(NioSocketChannel.java:337)
at io.netty.channel.nio.AbstractNioChannel$AbstractNioUnsafe.finishConnect(AbstractNioChannel.java:334)
at io.netty.channel.nio.NioEventLoop.processSelectedKey(NioEventLoop.java:710)
at io.netty.channel.nio.NioEventLoop.processSelectedKeysOptimized(NioEventLoop.java:658)
at io.netty.channel.nio.NioEventLoop.processSelectedKeys(NioEventLoop.java:584)
at io.netty.channel.nio.NioEventLoop.run(NioEventLoop.java:496)
at io.netty.util.concurrent.SingleThreadEventExecutor$4.run(SingleThreadEventExecutor.java:997)
at io.netty.util.internal.ThreadExecutorMap$2.run(ThreadExecutorMap.java:74)
at io.netty.util.concurrent.FastThreadLocalRunnable.run(FastThreadLocalRunnable.java:30)
at java.lang.Thread.run(Thread.java:748)
]]>
    </error>
  </testcase> <!-- afterTest -->
  <system-out/>
  <testcase name="login" time="5.199" classname="AppiumJava2022.AppiumJava2022.StartAppiumFrmCode"/>
  <system-out/>
</testsuite> <!-- AppiumJava2022.AppiumJava2022.StartAppiumFrmCode -->
