<?xml version="1.0" encoding="UTF-8"?>
<!-- Generated by org.testng.reporters.JUnitReportReporter -->
<testsuite skipped="0" hostname="srirams-MBP" name="AppiumJava2022.AppiumJava2022.WebAppTests" tests="1" failures="0" timestamp="2022-08-27T16:46:02 IST" time="9.075" errors="0">
  <testcase name="search" time="9.075" classname="AppiumJava2022.AppiumJava2022.WebAppTests"/>
  <system-out/>
</testsuite> <!-- AppiumJava2022.AppiumJava2022.WebAppTests -->
