<?xml version="1.0" encoding="UTF-8"?>
<!-- Generated by org.testng.reporters.JUnitReportReporter -->
<testsuite skipped="0" hostname="srirams-MBP" name="AppiumJava2022.AppiumJava2022.TheAppLogin" tests="3" failures="0" timestamp="2022-08-27T14:57:59 IST" time="19.287" errors="0">
  <testcase name="picker" time="9.288" classname="AppiumJava2022.AppiumJava2022.TheAppLogin"/>
  <system-out/>
  <testcase name="clipBoard" time="4.754" classname="AppiumJava2022.AppiumJava2022.TheAppLogin"/>
  <system-out/>
  <testcase name="login" time="5.245" classname="AppiumJava2022.AppiumJava2022.TheAppLogin"/>
  <system-out/>
</testsuite> <!-- AppiumJava2022.AppiumJava2022.TheAppLogin -->
